<?xml version="1.0" encoding="UTF-8"?>
<!-- Generated by org.testng.reporters.JUnitReportReporter -->
<testsuite hostname="Anubhas-MacBook-Air.local" failures="0" tests="2" name="Tests.TestCase" time="12.270" errors="0" timestamp="2024-07-30T13:22:18 PDT" skipped="0">
  <testcase classname="Tests.TestCase" name="launchApplication" time="2.810"/>
  <system-out/>
  <testcase classname="Tests.TestCase" name="performOperations" time="9.460"/>
  <system-out/>
</testsuite> <!-- Tests.TestCase -->
